InnoDB: The first specified data file .\ibdata1 did not exist:
InnoDB: a new database to be created!
240322 15:49:32  InnoDB: Setting file .\ibdata1 size to 10 MB
InnoDB: Database physically writes the file full: wait...
240322 15:49:32  InnoDB: Log file .\ib_logfile0 did not exist: new to be created
InnoDB: Setting log file .\ib_logfile0 size to 10 MB
InnoDB: Database physically writes the file full: wait...
240322 15:49:32  InnoDB: Log file .\ib_logfile1 did not exist: new to be created
InnoDB: Setting log file .\ib_logfile1 size to 10 MB
InnoDB: Database physically writes the file full: wait...
InnoDB: Doublewrite buffer not found: creating new
InnoDB: Doublewrite buffer created
InnoDB: Creating foreign key constraint system tables
InnoDB: Foreign key constraint system tables created
240322 15:49:32  InnoDB: Started; log sequence number 0 0
240322 15:49:32 [Note] wampmysqld: ready for connections.
Version: '5.0.51b-community-nt'  socket: ''  port: 3306  MySQL Community Edition (GPL)
InnoDB: The log sequence number in ibdata files does not match
InnoDB: the log sequence number in the ib_logfiles!
240325 12:58:24  InnoDB: Database was not shut down normally!
InnoDB: Starting crash recovery.
InnoDB: Reading tablespace information from the .ibd files...
InnoDB: Restoring possible half-written data pages from the doublewrite
InnoDB: buffer...
240325 12:58:24  InnoDB: Started; log sequence number 0 64184
240325 12:58:25 [Note] wampmysqld: ready for connections.
Version: '5.0.51b-community-nt'  socket: ''  port: 3306  MySQL Community Edition (GPL)
240325 15:48:36 [Note] wampmysqld: Normal shutdown

240325 15:48:36  InnoDB: Starting shutdown...
240325 15:48:38  InnoDB: Shutdown completed; log sequence number 0 107555
240325 15:48:38 [Note] wampmysqld: Shutdown complete

240325 15:59:07  InnoDB: Started; log sequence number 0 107555
240325 15:59:07 [Note] wampmysqld: ready for connections.
Version: '5.0.51b-community-nt'  socket: ''  port: 3306  MySQL Community Edition (GPL)
InnoDB: The log sequence number in ibdata files does not match
InnoDB: the log sequence number in the ib_logfiles!
240326  9:14:55  InnoDB: Database was not shut down normally!
InnoDB: Starting crash recovery.
InnoDB: Reading tablespace information from the .ibd files...
InnoDB: Restoring possible half-written data pages from the doublewrite
InnoDB: buffer...
240326  9:14:55  InnoDB: Started; log sequence number 0 138995
240326  9:14:55 [Note] wampmysqld: ready for connections.
Version: '5.0.51b-community-nt'  socket: ''  port: 3306  MySQL Community Edition (GPL)
